<?xml version="1.0" encoding="UTF-8"?>
<testsuite name="all_validators_with_interface.TestRegexNumberValidator" tests="18" skipped="0" failures="0" errors="0" timestamp="2021-09-23T09:20:12" hostname="dyn-dhcp-141-52-74-192.scc.kit.edu" time="0.025">
  <properties/>
  <testcase name="validMobile()" classname="all_validators_with_interface.TestRegexNumberValidator" time="0.004"/>
  <testcase name="testInvalidMain()" classname="all_validators_with_interface.TestRegexNumberValidator" time="0.003"/>
  <testcase name="valid031()" classname="all_validators_with_interface.TestRegexNumberValidator" time="0.0"/>
  <testcase name="valid110()" classname="all_validators_with_interface.TestRegexNumberValidator" time="0.0"/>
  <testcase name="valid112()" classname="all_validators_with_interface.TestRegexNumberValidator" time="0.001"/>
  <testcase name="valid115()" classname="all_validators_with_interface.TestRegexNumberValidator" time="0.001"/>
  <testcase name="testMain()" classname="all_validators_with_interface.TestRegexNumberValidator" time="0.001"/>
  <testcase name="tooLong()" classname="all_validators_with_interface.TestRegexNumberValidator" time="0.001"/>
  <testcase name="tooShort()" classname="all_validators_with_interface.TestRegexNumberValidator" time="0.0"/>
  <testcase name="invalidNationalCode()" classname="all_validators_with_interface.TestRegexNumberValidator" time="0.001"/>
  <testcase name="invalidShortNumber()" classname="all_validators_with_interface.TestRegexNumberValidator" time="0.001"/>
  <testcase name="valid()" classname="all_validators_with_interface.TestRegexNumberValidator" time="0.0"/>
  <testcase name="invalidShortNumber2()" classname="all_validators_with_interface.TestRegexNumberValidator" time="0.001"/>
  <testcase name="invalid2()" classname="all_validators_with_interface.TestRegexNumberValidator" time="0.001"/>
  <testcase name="notANumber()" classname="all_validators_with_interface.TestRegexNumberValidator" time="0.0"/>
  <testcase name="testInvalidMain2()" classname="all_validators_with_interface.TestRegexNumberValidator" time="0.001"/>
  <testcase name="testInvalidMain3()" classname="all_validators_with_interface.TestRegexNumberValidator" time="0.001"/>
  <testcase name="invalid()" classname="all_validators_with_interface.TestRegexNumberValidator" time="0.001"/>
  <system-out><![CDATA[Erkannte Telefonnummer: 015253909714
Vorwahl: 015253
Teilnehmer: 909714
Dieses Programm validiert deutsche Telefonnummern
Bitte nutzen Sie ausschließlich die deutsche nationale Schreibweise und benutzen Sie keine Sonder-/Leerzeichen.

FEHLER:   Die Nummer ist ungültig!

Erkannte Telefonnummer: 0310
Vorwahl: 0310
Teilnehmer: null
Erkannte Telefonnummer: 110
Vorwahl: 110
Teilnehmer: null
Erkannte Telefonnummer: 112
Vorwahl: 112
Teilnehmer: null
Erkannte Telefonnummer: 115
Vorwahl: 115
Teilnehmer: null
Dieses Programm validiert deutsche Telefonnummern
Bitte nutzen Sie ausschließlich die deutsche nationale Schreibweise und benutzen Sie keine Sonder-/Leerzeichen.

Erkannte Telefonnummer: 112
Vorwahl: 112
Teilnehmer: null
Die Nummer ist gültig!
Erkannte Telefonnummer: 07216088910121
Vorwahl: 072160
Teilnehmer: 88910121
Erkannte Telefonnummer: 072160
Vorwahl: 072160
Teilnehmer: null
Erkannte Telefonnummer: 02504130
Vorwahl: 02504
Teilnehmer: 130
Erkannte Telefonnummer: 110
Vorwahl: 110
Teilnehmer: null
ERROR: Invalid input! 

Dieses Programm validiert deutsche Telefonnummern
Bitte nutzen Sie ausschließlich die deutsche nationale Schreibweise und benutzen Sie keine Sonder-/Leerzeichen.

ERROR: Invalid input! 

Dieses Programm validiert deutsche Telefonnummern
Bitte nutzen Sie ausschließlich die deutsche nationale Schreibweise und benutzen Sie keine Sonder-/Leerzeichen.

ERROR: Invalid input! 

]]></system-out>
  <system-err><![CDATA[java.lang.IllegalArgumentException
	at all_validators_with_interface.RegexNumberValidator.isValidInput(RegexNumberValidator.java:78)
	at all_validators_with_interface.RegexNumberValidator.processIsValid(RegexNumberValidator.java:30)
	at all_validators_with_interface.TestRegexNumberValidator.lambda$testInvalidMain$8(TestRegexNumberValidator.java:62)
	at org.junit.jupiter.api.AssertThrows.assertThrows(AssertThrows.java:55)
	at org.junit.jupiter.api.AssertThrows.assertThrows(AssertThrows.java:37)
	at org.junit.jupiter.api.Assertions.assertThrows(Assertions.java:3007)
	at all_validators_with_interface.TestRegexNumberValidator.testInvalidMain(TestRegexNumberValidator.java:62)
	at java.base/jdk.internal.reflect.NativeMethodAccessorImpl.invoke0(Native Method)
	at java.base/jdk.internal.reflect.NativeMethodAccessorImpl.invoke(NativeMethodAccessorImpl.java:62)
	at java.base/jdk.internal.reflect.DelegatingMethodAccessorImpl.invoke(DelegatingMethodAccessorImpl.java:43)
	at java.base/java.lang.reflect.Method.invoke(Method.java:566)
	at org.junit.platform.commons.util.ReflectionUtils.invokeMethod(ReflectionUtils.java:688)
	at org.junit.jupiter.engine.execution.MethodInvocation.proceed(MethodInvocation.java:60)
	at org.junit.jupiter.engine.execution.InvocationInterceptorChain$ValidatingInvocation.proceed(InvocationInterceptorChain.java:131)
	at org.junit.jupiter.engine.extension.TimeoutExtension.intercept(TimeoutExtension.java:149)
	at org.junit.jupiter.engine.extension.TimeoutExtension.interceptTestableMethod(TimeoutExtension.java:140)
	at org.junit.jupiter.engine.extension.TimeoutExtension.interceptTestMethod(TimeoutExtension.java:84)
	at org.junit.jupiter.engine.execution.ExecutableInvoker$ReflectiveInterceptorCall.lambda$ofVoidMethod$0(ExecutableInvoker.java:115)
	at org.junit.jupiter.engine.execution.ExecutableInvoker.lambda$invoke$0(ExecutableInvoker.java:105)
	at org.junit.jupiter.engine.execution.InvocationInterceptorChain$InterceptedInvocation.proceed(InvocationInterceptorChain.java:106)
	at org.junit.jupiter.engine.execution.InvocationInterceptorChain.proceed(InvocationInterceptorChain.java:64)
	at org.junit.jupiter.engine.execution.InvocationInterceptorChain.chainAndInvoke(InvocationInterceptorChain.java:45)
	at org.junit.jupiter.engine.execution.InvocationInterceptorChain.invoke(InvocationInterceptorChain.java:37)
	at org.junit.jupiter.engine.execution.ExecutableInvoker.invoke(ExecutableInvoker.java:104)
	at org.junit.jupiter.engine.execution.ExecutableInvoker.invoke(ExecutableInvoker.java:98)
	at org.junit.jupiter.engine.descriptor.TestMethodTestDescriptor.lambda$invokeTestMethod$6(TestMethodTestDescriptor.java:210)
	at org.junit.platform.engine.support.hierarchical.ThrowableCollector.execute(ThrowableCollector.java:73)
	at org.junit.jupiter.engine.descriptor.TestMethodTestDescriptor.invokeTestMethod(TestMethodTestDescriptor.java:206)
	at org.junit.jupiter.engine.descriptor.TestMethodTestDescriptor.execute(TestMethodTestDescriptor.java:131)
	at org.junit.jupiter.engine.descriptor.TestMethodTestDescriptor.execute(TestMethodTestDescriptor.java:65)
	at org.junit.platform.engine.support.hierarchical.NodeTestTask.lambda$executeRecursively$5(NodeTestTask.java:139)
	at org.junit.platform.engine.support.hierarchical.ThrowableCollector.execute(ThrowableCollector.java:73)
	at org.junit.platform.engine.support.hierarchical.NodeTestTask.lambda$executeRecursively$7(NodeTestTask.java:129)
	at org.junit.platform.engine.support.hierarchical.Node.around(Node.java:137)
	at org.junit.platform.engine.support.hierarchical.NodeTestTask.lambda$executeRecursively$8(NodeTestTask.java:127)
	at org.junit.platform.engine.support.hierarchical.ThrowableCollector.execute(ThrowableCollector.java:73)
	at org.junit.platform.engine.support.hierarchical.NodeTestTask.executeRecursively(NodeTestTask.java:126)
	at org.junit.platform.engine.support.hierarchical.NodeTestTask.execute(NodeTestTask.java:84)
	at java.base/java.util.ArrayList.forEach(ArrayList.java:1541)
	at org.junit.platform.engine.support.hierarchical.SameThreadHierarchicalTestExecutorService.invokeAll(SameThreadHierarchicalTestExecutorService.java:38)
	at org.junit.platform.engine.support.hierarchical.NodeTestTask.lambda$executeRecursively$5(NodeTestTask.java:143)
	at org.junit.platform.engine.support.hierarchical.ThrowableCollector.execute(ThrowableCollector.java:73)
	at org.junit.platform.engine.support.hierarchical.NodeTestTask.lambda$executeRecursively$7(NodeTestTask.java:129)
	at org.junit.platform.engine.support.hierarchical.Node.around(Node.java:137)
	at org.junit.platform.engine.support.hierarchical.NodeTestTask.lambda$executeRecursively$8(NodeTestTask.java:127)
	at org.junit.platform.engine.support.hierarchical.ThrowableCollector.execute(ThrowableCollector.java:73)
	at org.junit.platform.engine.support.hierarchical.NodeTestTask.executeRecursively(NodeTestTask.java:126)
	at org.junit.platform.engine.support.hierarchical.NodeTestTask.execute(NodeTestTask.java:84)
	at java.base/java.util.ArrayList.forEach(ArrayList.java:1541)
	at org.junit.platform.engine.support.hierarchical.SameThreadHierarchicalTestExecutorService.invokeAll(SameThreadHierarchicalTestExecutorService.java:38)
	at org.junit.platform.engine.support.hierarchical.NodeTestTask.lambda$executeRecursively$5(NodeTestTask.java:143)
	at org.junit.platform.engine.support.hierarchical.ThrowableCollector.execute(ThrowableCollector.java:73)
	at org.junit.platform.engine.support.hierarchical.NodeTestTask.lambda$executeRecursively$7(NodeTestTask.java:129)
	at org.junit.platform.engine.support.hierarchical.Node.around(Node.java:137)
	at org.junit.platform.engine.support.hierarchical.NodeTestTask.lambda$executeRecursively$8(NodeTestTask.java:127)
	at org.junit.platform.engine.support.hierarchical.ThrowableCollector.execute(ThrowableCollector.java:73)
	at org.junit.platform.engine.support.hierarchical.NodeTestTask.executeRecursively(NodeTestTask.java:126)
	at org.junit.platform.engine.support.hierarchical.NodeTestTask.execute(NodeTestTask.java:84)
	at org.junit.platform.engine.support.hierarchical.SameThreadHierarchicalTestExecutorService.submit(SameThreadHierarchicalTestExecutorService.java:32)
	at org.junit.platform.engine.support.hierarchical.HierarchicalTestExecutor.execute(HierarchicalTestExecutor.java:57)
	at org.junit.platform.engine.support.hierarchical.HierarchicalTestEngine.execute(HierarchicalTestEngine.java:51)
	at org.junit.platform.launcher.core.EngineExecutionOrchestrator.execute(EngineExecutionOrchestrator.java:108)
	at org.junit.platform.launcher.core.EngineExecutionOrchestrator.execute(EngineExecutionOrchestrator.java:88)
	at org.junit.platform.launcher.core.EngineExecutionOrchestrator.lambda$execute$0(EngineExecutionOrchestrator.java:54)
	at org.junit.platform.launcher.core.EngineExecutionOrchestrator.withInterceptedStreams(EngineExecutionOrchestrator.java:67)
	at org.junit.platform.launcher.core.EngineExecutionOrchestrator.execute(EngineExecutionOrchestrator.java:52)
	at org.junit.platform.launcher.core.DefaultLauncher.execute(DefaultLauncher.java:96)
	at org.junit.platform.launcher.core.DefaultLauncher.execute(DefaultLauncher.java:75)
	at org.gradle.api.internal.tasks.testing.junitplatform.JUnitPlatformTestClassProcessor$CollectAllTestClassesExecutor.processAllTestClasses(JUnitPlatformTestClassProcessor.java:99)
	at org.gradle.api.internal.tasks.testing.junitplatform.JUnitPlatformTestClassProcessor$CollectAllTestClassesExecutor.access$000(JUnitPlatformTestClassProcessor.java:79)
	at org.gradle.api.internal.tasks.testing.junitplatform.JUnitPlatformTestClassProcessor.stop(JUnitPlatformTestClassProcessor.java:75)
	at org.gradle.api.internal.tasks.testing.SuiteTestClassProcessor.stop(SuiteTestClassProcessor.java:61)
	at java.base/jdk.internal.reflect.NativeMethodAccessorImpl.invoke0(Native Method)
	at java.base/jdk.internal.reflect.NativeMethodAccessorImpl.invoke(NativeMethodAccessorImpl.java:62)
	at java.base/jdk.internal.reflect.DelegatingMethodAccessorImpl.invoke(DelegatingMethodAccessorImpl.java:43)
	at java.base/java.lang.reflect.Method.invoke(Method.java:566)
	at org.gradle.internal.dispatch.ReflectionDispatch.dispatch(ReflectionDispatch.java:36)
	at org.gradle.internal.dispatch.ReflectionDispatch.dispatch(ReflectionDispatch.java:24)
	at org.gradle.internal.dispatch.ContextClassLoaderDispatch.dispatch(ContextClassLoaderDispatch.java:33)
	at org.gradle.internal.dispatch.ProxyDispatchAdapter$DispatchingInvocationHandler.invoke(ProxyDispatchAdapter.java:94)
	at com.sun.proxy.$Proxy5.stop(Unknown Source)
	at org.gradle.api.internal.tasks.testing.worker.TestWorker.stop(TestWorker.java:135)
	at java.base/jdk.internal.reflect.NativeMethodAccessorImpl.invoke0(Native Method)
	at java.base/jdk.internal.reflect.NativeMethodAccessorImpl.invoke(NativeMethodAccessorImpl.java:62)
	at java.base/jdk.internal.reflect.DelegatingMethodAccessorImpl.invoke(DelegatingMethodAccessorImpl.java:43)
	at java.base/java.lang.reflect.Method.invoke(Method.java:566)
	at org.gradle.internal.dispatch.ReflectionDispatch.dispatch(ReflectionDispatch.java:36)
	at org.gradle.internal.dispatch.ReflectionDispatch.dispatch(ReflectionDispatch.java:24)
	at org.gradle.internal.remote.internal.hub.MessageHubBackedObjectConnection$DispatchWrapper.dispatch(MessageHubBackedObjectConnection.java:182)
	at org.gradle.internal.remote.internal.hub.MessageHubBackedObjectConnection$DispatchWrapper.dispatch(MessageHubBackedObjectConnection.java:164)
	at org.gradle.internal.remote.internal.hub.MessageHub$Handler.run(MessageHub.java:414)
	at org.gradle.internal.concurrent.ExecutorPolicy$CatchAndRecordFailures.onExecute(ExecutorPolicy.java:64)
	at org.gradle.internal.concurrent.ManagedExecutorImpl$1.run(ManagedExecutorImpl.java:48)
	at java.base/java.util.concurrent.ThreadPoolExecutor.runWorker(ThreadPoolExecutor.java:1128)
	at java.base/java.util.concurrent.ThreadPoolExecutor$Worker.run(ThreadPoolExecutor.java:628)
	at org.gradle.internal.concurrent.ThreadFactoryImpl$ManagedThreadRunnable.run(ThreadFactoryImpl.java:56)
	at java.base/java.lang.Thread.run(Thread.java:829)
]]></system-err>
</testsuite>
